[17:38:22] [main/INFO]: Setting user: Player187
[17:38:23] [Client thread/INFO]: LWJGL Version: 2.9.1
[17:38:30] [Client thread/INFO]: Reloading ResourceManager: Default, FMLFileResourcePack:Forge Mod Loader, FMLFileResourcePack:Minecraft Forge, FMLFileResourcePack:Steve's Bizarre Adventure
[17:38:31] [Sound Library Loader/INFO]: Sound engine started
[17:38:32] [Client thread/WARN]: File jojobadv:sounds/bullet_shot1.ogg does not exist, cannot add it to event jojobadv:bullet_shot1
[17:38:32] [Client thread/WARN]: File jojobadv:sounds/bullet_shot2.ogg does not exist, cannot add it to event jojobadv:bullet_shot2
[17:38:32] [Client thread/WARN]: File jojobadv:sounds/bullet_shot3.ogg does not exist, cannot add it to event jojobadv:bullet_shot3
[17:38:32] [Client thread/WARN]: File jojobadv:sounds/spawn_tf.ogg does not exist, cannot add it to event jojobadv:spawn_tf
[17:38:32] [Client thread/INFO]: Created: 512x256 textures/blocks-atlas
[17:38:33] [Client thread/INFO]: Created: 256x256 textures/items-atlas
[17:38:33] [Client thread/INFO]: Reloading ResourceManager: Default, FMLFileResourcePack:Forge Mod Loader, FMLFileResourcePack:Minecraft Forge, FMLFileResourcePack:Steve's Bizarre Adventure
[17:38:33] [Client thread/INFO]: Created: 512x256 textures/blocks-atlas
[17:38:34] [Client thread/INFO]: Created: 512x256 textures/items-atlas
[17:38:34] [Sound Library Loader/INFO]: Sound engine started
[17:38:35] [Client thread/WARN]: File jojobadv:sounds/bullet_shot1.ogg does not exist, cannot add it to event jojobadv:bullet_shot1
[17:38:35] [Client thread/WARN]: File jojobadv:sounds/bullet_shot2.ogg does not exist, cannot add it to event jojobadv:bullet_shot2
[17:38:35] [Client thread/WARN]: File jojobadv:sounds/bullet_shot3.ogg does not exist, cannot add it to event jojobadv:bullet_shot3
[17:38:35] [Client thread/WARN]: File jojobadv:sounds/spawn_tf.ogg does not exist, cannot add it to event jojobadv:spawn_tf
[17:38:39] [Server thread/INFO]: Starting integrated minecraft server version 1.7.10
[17:38:39] [Server thread/INFO]: Generating keypair
[17:38:40] [Server thread/INFO]: Preparing start region for level 0
[17:38:41] [Server thread/INFO]: Preparing spawn area: 58%
[17:38:42] [Server thread/INFO]: Changing view distance to 12, from 10
[17:38:42] [Server thread/INFO]: Player187[local:E:87448ce4] logged in with entity id 3918 at (46.89704038575105, 4.0, -767.901747082255)
[17:38:42] [Server thread/INFO]: Player187 joined the game
[17:38:46] [Client thread/INFO]: [CHAT] Already have a stand.
[17:38:47] [Server thread/WARN]: Can't keep up! Did the system time change, or is the server overloaded? Running 5051ms behind, skipping 101 tick(s)
[17:38:51] [Server thread/INFO]: Player187 has just earned the achievement [Taking Inventory]
[17:38:51] [Client thread/INFO]: [CHAT] Player187 has just earned the achievement [Taking Inventory]
[17:39:01] [Server thread/INFO]: Saving and pausing game...
[17:39:01] [Server thread/INFO]: Saving chunks for level 'New World'/Overworld
[17:39:01] [Server thread/INFO]: Saving chunks for level 'New World'/Nether
[17:39:01] [Server thread/INFO]: Saving chunks for level 'New World'/The End
[17:39:02] [Server thread/INFO]: Stopping server
[17:39:02] [Server thread/INFO]: Saving players
[17:39:02] [Server thread/INFO]: Saving worlds
[17:39:02] [Server thread/INFO]: Saving chunks for level 'New World'/Overworld
[17:39:02] [Server thread/INFO]: Saving chunks for level 'New World'/Nether
[17:39:02] [Server thread/INFO]: Saving chunks for level 'New World'/The End
[17:39:11] [Client thread/INFO]: Stopping!
